2021/02/24 13:43:03.544 : INFO : Rendering welcome template.
2021/02/24 13:43:05.072 : INFO : Rendering welcome template.
2021/02/24 13:43:07.172 : INFO : Rendering welcome template.
2021/02/24 13:43:13.171 : INFO : Checking if file exists in request handler...
2021/02/24 13:43:13.177 : INFO : No file in request handler!
2021/02/24 13:43:13.180 : INFO : Correct file extension. Proceeding.
2021/02/24 13:43:13.289 : INFO : Uploaded file exists: True
2021/02/24 13:43:13.289 : INFO : Sending request to: http://mlserver/api/MLServer
2021/02/24 13:43:13.297 : DEBUG : Starting new HTTP connection (1): mlserver:80
2021/02/24 13:43:14.061 : DEBUG : http://mlserver:80 "POST /api/MLServer HTTP/1.1" 200 None
2021/02/24 13:43:14.073 : INFO : Received response: {'message': 'cat', 'data': '[9.9998558e-01 1.4379555e-05]', 'status': 'success'}
2021/02/24 13:43:15.209 : INFO : Rendering welcome template.
2021/02/24 13:43:18.885 : INFO : Checking if file exists in request handler...
2021/02/24 13:43:18.907 : INFO : No file in request handler!
2021/02/24 13:43:18.911 : INFO : Correct file extension. Proceeding.
2021/02/24 13:43:18.928 : DEBUG : Importing BlpImagePlugin
2021/02/24 13:43:18.929 : DEBUG : Importing BmpImagePlugin
2021/02/24 13:43:18.929 : DEBUG : Importing BufrStubImagePlugin
2021/02/24 13:43:18.930 : DEBUG : Importing CurImagePlugin
2021/02/24 13:43:18.930 : DEBUG : Importing DcxImagePlugin
2021/02/24 13:43:18.931 : DEBUG : Importing DdsImagePlugin
2021/02/24 13:43:18.932 : DEBUG : Importing EpsImagePlugin
2021/02/24 13:43:18.934 : DEBUG : Importing FitsStubImagePlugin
2021/02/24 13:43:18.934 : DEBUG : Importing FliImagePlugin
2021/02/24 13:43:18.935 : DEBUG : Importing FpxImagePlugin
2021/02/24 13:43:18.937 : DEBUG : Image: failed to import FpxImagePlugin: No module named 'olefile'
2021/02/24 13:43:18.938 : DEBUG : Importing FtexImagePlugin
2021/02/24 13:43:18.938 : DEBUG : Importing GbrImagePlugin
2021/02/24 13:43:18.939 : DEBUG : Importing GifImagePlugin
2021/02/24 13:43:18.939 : DEBUG : Importing GribStubImagePlugin
2021/02/24 13:43:18.941 : DEBUG : Importing Hdf5StubImagePlugin
2021/02/24 13:43:18.941 : DEBUG : Importing IcnsImagePlugin
2021/02/24 13:43:18.943 : DEBUG : Importing IcoImagePlugin
2021/02/24 13:43:18.943 : DEBUG : Importing ImImagePlugin
2021/02/24 13:43:18.944 : DEBUG : Importing ImtImagePlugin
2021/02/24 13:43:18.945 : DEBUG : Importing IptcImagePlugin
2021/02/24 13:43:18.946 : DEBUG : Importing JpegImagePlugin
2021/02/24 13:43:18.947 : DEBUG : Importing Jpeg2KImagePlugin
2021/02/24 13:43:18.947 : DEBUG : Importing McIdasImagePlugin
2021/02/24 13:43:18.948 : DEBUG : Importing MicImagePlugin
2021/02/24 13:43:18.950 : DEBUG : Image: failed to import MicImagePlugin: No module named 'olefile'
2021/02/24 13:43:18.950 : DEBUG : Importing MpegImagePlugin
2021/02/24 13:43:18.951 : DEBUG : Importing MpoImagePlugin
2021/02/24 13:43:18.952 : DEBUG : Importing MspImagePlugin
2021/02/24 13:43:18.953 : DEBUG : Importing PalmImagePlugin
2021/02/24 13:43:18.955 : DEBUG : Importing PcdImagePlugin
2021/02/24 13:43:18.955 : DEBUG : Importing PcxImagePlugin
2021/02/24 13:43:18.956 : DEBUG : Importing PdfImagePlugin
2021/02/24 13:43:18.968 : DEBUG : Importing PixarImagePlugin
2021/02/24 13:43:18.968 : DEBUG : Importing PngImagePlugin
2021/02/24 13:43:18.969 : DEBUG : Importing PpmImagePlugin
2021/02/24 13:43:18.969 : DEBUG : Importing PsdImagePlugin
2021/02/24 13:43:18.970 : DEBUG : Importing SgiImagePlugin
2021/02/24 13:43:18.971 : DEBUG : Importing SpiderImagePlugin
2021/02/24 13:43:18.971 : DEBUG : Importing SunImagePlugin
2021/02/24 13:43:18.972 : DEBUG : Importing TgaImagePlugin
2021/02/24 13:43:18.973 : DEBUG : Importing TiffImagePlugin
2021/02/24 13:43:18.973 : DEBUG : Importing WebPImagePlugin
2021/02/24 13:43:18.975 : DEBUG : Importing WmfImagePlugin
2021/02/24 13:43:18.977 : DEBUG : Importing XbmImagePlugin
2021/02/24 13:43:18.979 : DEBUG : Importing XpmImagePlugin
2021/02/24 13:43:18.980 : DEBUG : Importing XVThumbImagePlugin
2021/02/24 13:45:12.736 : INFO : Rendering welcome template.
2021/02/24 13:45:17.536 : INFO : Checking if file exists in request handler...
2021/02/24 13:45:17.542 : INFO : Correct file extension. Proceeding.
2021/02/24 13:45:17.643 : INFO : Uploaded file exists: True
2021/02/24 13:45:17.643 : INFO : Sending request to: http://mlserver/api/MLServer
2021/02/24 13:45:17.653 : DEBUG : Starting new HTTP connection (1): mlserver:80
2021/02/24 13:45:18.453 : DEBUG : http://mlserver:80 "POST /api/MLServer HTTP/1.1" 200 None
2021/02/24 13:45:18.465 : INFO : Received response: {'message': 'cat', 'data': '[9.9998558e-01 1.4379555e-05]', 'status': 'success'}
2021/02/24 13:47:31.556 : INFO : Rendering welcome template.
2021/02/24 13:47:35.873 : INFO : Checking if file exists in request handler...
2021/02/24 13:47:35.880 : INFO : Checking 1200px-Calico_tabby_cat_-_Savannah.jpg extension...
2021/02/24 13:47:35.880 : INFO : Correct file extension. Proceeding.
2021/02/24 13:47:35.980 : INFO : Uploaded file exists: True
2021/02/24 13:47:35.980 : INFO : Sending request to: http://mlserver/api/MLServer
2021/02/24 13:47:35.990 : DEBUG : Starting new HTTP connection (1): mlserver:80
2021/02/24 13:47:36.775 : DEBUG : http://mlserver:80 "POST /api/MLServer HTTP/1.1" 200 None
2021/02/24 13:47:36.789 : INFO : Received response: {'message': 'cat', 'data': '[9.9998558e-01 1.4379555e-05]', 'status': 'success'}
2021/02/24 13:47:37.540 : INFO : Rendering welcome template.
2021/02/24 13:47:41.193 : INFO : Checking if file exists in request handler...
2021/02/24 13:47:41.212 : INFO : Checking SSRN-id3211703.pdf extension...
2021/02/24 13:47:41.212 : INFO : Wrong file extension!
2021/02/24 13:47:41.222 : INFO : Correct file extension. Proceeding.
2021/02/24 13:47:41.251 : DEBUG : Importing BlpImagePlugin
2021/02/24 13:47:41.253 : DEBUG : Importing BmpImagePlugin
2021/02/24 13:47:41.253 : DEBUG : Importing BufrStubImagePlugin
2021/02/24 13:47:41.254 : DEBUG : Importing CurImagePlugin
2021/02/24 13:47:41.255 : DEBUG : Importing DcxImagePlugin
2021/02/24 13:47:41.255 : DEBUG : Importing DdsImagePlugin
2021/02/24 13:47:41.256 : DEBUG : Importing EpsImagePlugin
2021/02/24 13:47:41.257 : DEBUG : Importing FitsStubImagePlugin
2021/02/24 13:47:41.257 : DEBUG : Importing FliImagePlugin
2021/02/24 13:47:41.258 : DEBUG : Importing FpxImagePlugin
2021/02/24 13:47:41.259 : DEBUG : Image: failed to import FpxImagePlugin: No module named 'olefile'
2021/02/24 13:47:41.259 : DEBUG : Importing FtexImagePlugin
2021/02/24 13:47:41.260 : DEBUG : Importing GbrImagePlugin
2021/02/24 13:47:41.260 : DEBUG : Importing GifImagePlugin
2021/02/24 13:47:41.260 : DEBUG : Importing GribStubImagePlugin
2021/02/24 13:47:41.261 : DEBUG : Importing Hdf5StubImagePlugin
2021/02/24 13:47:41.261 : DEBUG : Importing IcnsImagePlugin
2021/02/24 13:47:41.262 : DEBUG : Importing IcoImagePlugin
2021/02/24 13:47:41.263 : DEBUG : Importing ImImagePlugin
2021/02/24 13:47:41.264 : DEBUG : Importing ImtImagePlugin
2021/02/24 13:47:41.265 : DEBUG : Importing IptcImagePlugin
2021/02/24 13:47:41.267 : DEBUG : Importing JpegImagePlugin
2021/02/24 13:47:41.267 : DEBUG : Importing Jpeg2KImagePlugin
2021/02/24 13:47:41.268 : DEBUG : Importing McIdasImagePlugin
2021/02/24 13:47:41.268 : DEBUG : Importing MicImagePlugin
2021/02/24 13:47:41.270 : DEBUG : Image: failed to import MicImagePlugin: No module named 'olefile'
2021/02/24 13:47:41.270 : DEBUG : Importing MpegImagePlugin
2021/02/24 13:47:41.271 : DEBUG : Importing MpoImagePlugin
2021/02/24 13:47:41.271 : DEBUG : Importing MspImagePlugin
2021/02/24 13:47:41.273 : DEBUG : Importing PalmImagePlugin
2021/02/24 13:47:41.274 : DEBUG : Importing PcdImagePlugin
2021/02/24 13:47:41.275 : DEBUG : Importing PcxImagePlugin
2021/02/24 13:47:41.275 : DEBUG : Importing PdfImagePlugin
2021/02/24 13:47:41.286 : DEBUG : Importing PixarImagePlugin
2021/02/24 13:47:41.287 : DEBUG : Importing PngImagePlugin
2021/02/24 13:47:41.287 : DEBUG : Importing PpmImagePlugin
2021/02/24 13:47:41.287 : DEBUG : Importing PsdImagePlugin
2021/02/24 13:47:41.288 : DEBUG : Importing SgiImagePlugin
2021/02/24 13:47:41.288 : DEBUG : Importing SpiderImagePlugin
2021/02/24 13:47:41.289 : DEBUG : Importing SunImagePlugin
2021/02/24 13:47:41.290 : DEBUG : Importing TgaImagePlugin
2021/02/24 13:47:41.290 : DEBUG : Importing TiffImagePlugin
2021/02/24 13:47:41.291 : DEBUG : Importing WebPImagePlugin
2021/02/24 13:47:41.292 : DEBUG : Importing WmfImagePlugin
2021/02/24 13:47:41.293 : DEBUG : Importing XbmImagePlugin
2021/02/24 13:47:41.295 : DEBUG : Importing XpmImagePlugin
2021/02/24 13:47:41.295 : DEBUG : Importing XVThumbImagePlugin
2021/02/24 13:52:39.655 : INFO : Rendering welcome template.
2021/02/24 13:52:40.158 : INFO : Rendering welcome template.
2021/02/24 13:52:44.479 : INFO : Checking if file exists in request handler...
2021/02/24 13:52:44.484 : INFO : Checking 1200px-Calico_tabby_cat_-_Savannah.jpg extension...
2021/02/24 13:52:44.485 : INFO : Correct file extension. Proceeding.
2021/02/24 13:52:44.583 : INFO : Uploaded file exists: True
2021/02/24 13:52:44.583 : INFO : Sending request to: http://mlserver/api/MLServer
2021/02/24 13:52:44.591 : DEBUG : Starting new HTTP connection (1): mlserver:80
2021/02/24 13:52:45.426 : DEBUG : http://mlserver:80 "POST /api/MLServer HTTP/1.1" 200 None
2021/02/24 13:52:45.437 : INFO : Received response: {'message': 'cat', 'data': '[9.9998558e-01 1.4379555e-05]', 'status': 'success'}
2021/02/24 13:52:46.197 : INFO : Rendering welcome template.
2021/02/24 13:52:49.926 : INFO : Checking if file exists in request handler...
2021/02/24 13:52:49.943 : INFO : Checking SSRN-id3211703.pdf extension...
2021/02/24 13:52:49.943 : INFO : Wrong file extension!
2021/02/24 13:54:19.502 : INFO : Rendering welcome template.
2021/02/24 13:54:20.095 : INFO : Rendering welcome template.
2021/02/24 13:54:21.638 : INFO : Rendering welcome template.
2021/02/24 13:54:26.627 : INFO : Checking if file exists in request handler...
2021/02/24 13:54:26.633 : INFO : Checking 1200px-Calico_tabby_cat_-_Savannah.jpg extension...
2021/02/24 13:54:26.634 : INFO : Correct file extension. Proceeding.
2021/02/24 13:54:26.735 : INFO : Uploaded file exists: True
2021/02/24 13:54:26.735 : INFO : Sending request to: http://mlserver/api/MLServer
2021/02/24 13:54:26.742 : DEBUG : Starting new HTTP connection (1): mlserver:80
2021/02/24 13:54:27.533 : DEBUG : http://mlserver:80 "POST /api/MLServer HTTP/1.1" 200 None
2021/02/24 13:54:27.546 : INFO : Received response: {'message': 'cat', 'data': '[9.9998558e-01 1.4379555e-05]', 'status': 'success'}
2021/02/24 13:54:28.537 : INFO : Rendering welcome template.
2021/02/24 13:54:31.826 : INFO : Checking if file exists in request handler...
2021/02/24 13:54:31.843 : INFO : Checking SSRN-id3211703.pdf extension...
2021/02/24 13:54:31.843 : INFO : Wrong file extension!
2021/02/24 13:54:47.266 : INFO : Rendering welcome template.
2021/02/24 13:54:55.507 : INFO : Checking if file exists in request handler...
2021/02/24 13:55:09.170 : INFO : Rendering welcome template.
2021/02/24 13:55:31.180 : INFO : Checking if file exists in request handler...
2021/02/24 13:55:31.181 : INFO : Checking example-flask-python3.8-index.zip extension...
2021/02/24 13:55:31.181 : INFO : Wrong file extension!
2021/02/24 13:55:32.334 : INFO : Rendering welcome template.
2021/02/24 13:55:41.195 : INFO : Checking if file exists in request handler...
2021/02/24 13:55:52.286 : INFO : Rendering welcome template.
2021/02/24 13:55:52.721 : INFO : Rendering welcome template.
2021/02/24 13:55:53.622 : INFO : Checking if file exists in request handler...
2021/02/24 13:55:54.464 : INFO : Rendering welcome template.
2021/02/24 13:55:57.022 : INFO : Checking if file exists in request handler...
2021/02/24 13:55:58.500 : INFO : Rendering welcome template.
2021/02/24 13:55:59.910 : INFO : Checking if file exists in request handler...
2021/02/24 13:56:00.607 : INFO : Rendering welcome template.
2021/02/24 13:56:01.084 : INFO : Checking if file exists in request handler...
2021/02/24 13:56:01.932 : INFO : Rendering welcome template.
2021/02/24 13:56:20.056 : INFO : Checking if file exists in request handler...
2021/02/24 13:56:21.143 : INFO : Rendering welcome template.
2021/02/24 13:58:48.255 : INFO : Rendering welcome template.
2021/02/24 14:00:09.852 : INFO : Rendering welcome template.
2021/02/24 14:00:13.768 : INFO : Checking if file exists in request handler...
2021/02/24 14:00:13.774 : INFO : Checking 1200px-Calico_tabby_cat_-_Savannah.jpg extension...
2021/02/24 14:00:13.774 : INFO : Correct file extension. Proceeding.
2021/02/24 14:00:13.877 : INFO : Uploaded file exists: True
2021/02/24 14:00:13.877 : INFO : Sending request to: http://mlserver/api/MLServer
2021/02/24 14:00:13.887 : DEBUG : Starting new HTTP connection (1): mlserver:80
2021/02/24 14:00:14.661 : DEBUG : http://mlserver:80 "POST /api/MLServer HTTP/1.1" 200 None
2021/02/24 14:00:14.674 : INFO : Received response: {'message': 'cat', 'data': '[9.9998558e-01 1.4379555e-05]', 'status': 'success'}
2021/02/24 14:00:16.214 : INFO : Rendering welcome template.
2021/02/24 14:00:20.750 : INFO : Checking if file exists in request handler...
2021/02/24 14:00:20.754 : INFO : Checking 1200px-Calico_tabby_cat_-_Savannah.jpg extension...
2021/02/24 14:00:20.755 : INFO : Correct file extension. Proceeding.
2021/02/24 14:00:20.844 : INFO : Uploaded file exists: True
2021/02/24 14:00:20.844 : INFO : Sending request to: http://mlserver/api/MLServer
2021/02/24 14:00:20.849 : DEBUG : Starting new HTTP connection (1): mlserver:80
2021/02/24 14:00:21.340 : DEBUG : http://mlserver:80 "POST /api/MLServer HTTP/1.1" 200 None
2021/02/24 14:00:21.341 : INFO : Received response: {'message': 'cat', 'data': '[9.9998558e-01 1.4379555e-05]', 'status': 'success'}
2021/02/24 14:00:22.248 : INFO : Rendering welcome template.
2021/02/24 14:00:28.013 : INFO : Checking if file exists in request handler...
2021/02/24 14:00:28.028 : INFO : Checking SSRN-id3211703.pdf extension...
2021/02/24 14:00:28.029 : INFO : Wrong file extension!
2021/02/24 14:00:31.261 : INFO : Rendering welcome template.
2021/02/24 14:00:32.316 : INFO : Checking if file exists in request handler...
2021/02/24 14:00:33.557 : INFO : Rendering welcome template.
2021/02/24 14:00:34.476 : INFO : Checking if file exists in request handler...
2021/02/24 14:00:35.235 : INFO : Rendering welcome template.
2021/02/24 14:03:24.232 : INFO : Rendering welcome template.
2021/02/24 14:03:27.482 : INFO : Checking if file exists in request handler...
2021/02/24 14:03:30.551 : INFO : Rendering welcome template.
2021/02/24 14:03:31.186 : INFO : Checking if file exists in request handler...
2021/02/24 14:03:31.957 : INFO : Rendering welcome template.
2021/02/24 14:03:32.753 : INFO : Checking if file exists in request handler...
2021/02/24 14:03:33.495 : INFO : Rendering welcome template.
2021/02/24 14:03:34.043 : INFO : Checking if file exists in request handler...
2021/02/24 14:03:34.889 : INFO : Rendering welcome template.
2021/02/24 14:03:35.791 : INFO : Checking if file exists in request handler...
2021/02/24 14:03:36.589 : INFO : Rendering welcome template.
2021/02/24 14:04:01.992 : INFO : Checking if file exists in request handler...
2021/02/24 14:04:06.160 : INFO : Rendering welcome template.
2021/02/24 14:19:21.630 : INFO : Rendering welcome template.
2021/02/24 14:19:24.184 : INFO : Checking if file exists in request handler...
2021/02/24 14:19:27.041 : INFO : Rendering welcome template.
2021/02/24 14:19:31.195 : INFO : Checking if file exists in request handler...
2021/02/24 14:19:31.215 : INFO : Checking SSRN-id3211703.pdf extension...
2021/02/24 14:19:31.215 : INFO : Wrong file extension!
2021/02/24 14:19:37.532 : INFO : Rendering welcome template.
2021/02/24 14:19:54.218 : INFO : Checking if file exists in request handler...
2021/02/24 14:19:56.951 : INFO : Rendering welcome template.
2021/02/24 14:23:52.050 : INFO : Rendering welcome template.
2021/02/24 14:25:31.064 : INFO : Rendering welcome template.
2021/02/24 14:25:39.772 : INFO : Rendering welcome template.
2021/02/24 14:25:47.896 : INFO : Checking SSRN-id3211703.pdf extension...
2021/02/24 14:25:47.897 : INFO : Wrong file extension!
2021/02/24 14:25:50.305 : INFO : Rendering welcome template.
2021/02/24 14:25:54.261 : INFO : Checking 1200px-Calico_tabby_cat_-_Savannah.jpg extension...
2021/02/24 14:25:54.262 : INFO : Correct file extension. Proceeding.
2021/02/24 14:25:54.374 : INFO : Uploaded file exists: True
2021/02/24 14:25:54.374 : INFO : Sending request to: http://mlserver/api/MLServer
2021/02/24 14:25:54.385 : DEBUG : Starting new HTTP connection (1): mlserver:80
2021/02/24 14:25:55.163 : DEBUG : http://mlserver:80 "POST /api/MLServer HTTP/1.1" 200 None
2021/02/24 14:25:55.175 : INFO : Received response: {'message': 'cat', 'data': '[9.9998558e-01 1.4379555e-05]', 'status': 'success'}
2021/02/24 14:25:56.108 : INFO : Rendering welcome template.
2021/02/24 14:25:58.653 : INFO : Rendering welcome template.
2021/02/24 14:26:03.546 : INFO : Checking 1200px-Calico_tabby_cat_-_Savannah.jpg extension...
2021/02/24 14:26:03.547 : INFO : Correct file extension. Proceeding.
2021/02/24 14:26:03.644 : INFO : Uploaded file exists: True
2021/02/24 14:26:03.645 : INFO : Sending request to: http://mlserver/api/MLServer
2021/02/24 14:26:03.649 : DEBUG : Starting new HTTP connection (1): mlserver:80
2021/02/24 14:26:04.061 : DEBUG : http://mlserver:80 "POST /api/MLServer HTTP/1.1" 200 None
2021/02/24 14:26:04.062 : INFO : Received response: {'message': 'cat', 'data': '[9.9998558e-01 1.4379555e-05]', 'status': 'success'}
2021/02/24 14:26:04.920 : INFO : Rendering welcome template.
2021/02/24 14:28:05.653 : INFO : Rendering welcome template.
2021/02/24 14:28:06.245 : INFO : Rendering welcome template.
2021/02/24 14:28:09.690 : INFO : Rendering welcome template.
2021/02/24 14:28:13.924 : INFO : Checking SSRN-id3211703.pdf extension...
2021/02/24 14:28:13.925 : INFO : Wrong file extension!
2021/02/24 14:28:15.541 : INFO : Rendering welcome template.
2021/02/24 14:28:21.751 : INFO : Checking 1200px-Calico_tabby_cat_-_Savannah.jpg extension...
2021/02/24 14:28:21.751 : INFO : Correct file extension. Proceeding.
2021/02/24 14:28:21.846 : INFO : Uploaded file exists: True
2021/02/24 14:28:21.847 : INFO : Sending request to: http://mlserver/api/MLServer
2021/02/24 14:28:21.856 : DEBUG : Starting new HTTP connection (1): mlserver:80
2021/02/24 14:28:22.645 : DEBUG : http://mlserver:80 "POST /api/MLServer HTTP/1.1" 200 None
2021/02/24 14:28:22.655 : INFO : Received response: {'message': 'cat', 'data': '[9.9998558e-01 1.4379555e-05]', 'status': 'success'}
2021/02/24 14:28:24.035 : INFO : Rendering welcome template.
2021/02/24 14:38:00.062 : INFO : Rendering welcome template.
2021/02/24 14:38:28.196 : INFO : Rendering welcome template.
2021/02/24 14:38:32.281 : INFO : Checking SSRN-id3211703.pdf extension...
2021/02/24 14:38:32.282 : INFO : Wrong file extension!
2021/02/24 14:38:33.710 : INFO : Rendering welcome template.
2021/02/24 14:38:37.411 : INFO : Checking WhatsApp Image 2021-02-24 at 12.47.24.jpeg extension...
2021/02/24 14:38:37.411 : INFO : Correct file extension. Proceeding.
2021/02/24 14:38:37.534 : INFO : Uploaded file exists: True
2021/02/24 14:38:37.534 : INFO : Sending request to: http://mlserver/api/MLServer
2021/02/24 14:38:37.542 : DEBUG : Starting new HTTP connection (1): mlserver:80
2021/02/24 14:38:38.328 : DEBUG : http://mlserver:80 "POST /api/MLServer HTTP/1.1" 200 None
2021/02/24 14:38:38.339 : INFO : Received response: {'message': 'cat', 'data': '[0.5339056  0.46609434]', 'status': 'success'}
2021/02/24 14:38:41.887 : INFO : Rendering welcome template.
2021/02/24 14:38:44.965 : INFO : Checking Magnificent Migelo-Fulffy.stl extension...
2021/02/24 14:38:44.965 : INFO : Wrong file extension!
2021/02/24 14:38:46.334 : INFO : Rendering welcome template.
2021/02/24 14:38:49.551 : INFO : Rendering welcome template.
2021/02/24 14:38:53.046 : INFO : Checking 1200px-Calico_tabby_cat_-_Savannah.jpg extension...
2021/02/24 14:38:53.046 : INFO : Correct file extension. Proceeding.
2021/02/24 14:38:53.136 : INFO : Uploaded file exists: True
2021/02/24 14:38:53.137 : INFO : Sending request to: http://mlserver/api/MLServer
2021/02/24 14:38:53.140 : DEBUG : Starting new HTTP connection (1): mlserver:80
2021/02/24 14:38:53.500 : DEBUG : http://mlserver:80 "POST /api/MLServer HTTP/1.1" 200 None
2021/02/24 14:38:53.501 : INFO : Received response: {'message': 'cat', 'data': '[9.9998558e-01 1.4379555e-05]', 'status': 'success'}
2021/02/24 14:38:54.331 : INFO : Rendering welcome template.
2021/02/24 14:52:06.593 : INFO : Rendering welcome template.
2021/02/24 14:52:07.325 : INFO : Rendering welcome template.
2021/02/24 14:52:11.341 : INFO : Checking 1200px-Calico_tabby_cat_-_Savannah.jpg extension...
2021/02/24 14:52:11.342 : INFO : Correct file extension. Proceeding.
2021/02/24 14:52:11.455 : INFO : Uploaded file exists: True
2021/02/24 14:52:11.456 : INFO : Sending request to: http://mlserver/api/MLServer
2021/02/24 14:52:11.464 : DEBUG : Starting new HTTP connection (1): mlserver:80
2021/02/24 14:52:12.277 : DEBUG : http://mlserver:80 "POST /api/MLServer HTTP/1.1" 200 None
2021/02/24 14:52:12.289 : INFO : Received response: {'message': 'unknown', 'data': '[9.9998558e-01 1.4379555e-05]', 'status': 'success'}
2021/02/24 14:52:14.409 : INFO : Rendering welcome template.
2021/02/24 14:56:02.318 : INFO : Rendering welcome template.
2021/02/24 14:56:06.131 : INFO : Checking IMG_20210218_204947.jpg extension...
2021/02/24 14:56:06.132 : INFO : Correct file extension. Proceeding.
2021/02/24 14:56:06.189 : DEBUG : tag: Model (272) - type: string (2) Tag Location: 22 - Data Location: 146 - value: b'ASUS_X01BDA\x00'
2021/02/24 14:56:06.190 : DEBUG : tag: Software (305) - type: string (2) Tag Location: 34 - Data Location: 158 - value: <table: 39 bytes>
2021/02/24 14:56:06.190 : DEBUG : tag: Orientation (274) - type: short (3) - value: b'\x00\x06'
2021/02/24 14:56:06.190 : DEBUG : tag: DateTime (306) - type: string (2) Tag Location: 58 - Data Location: 197 - value: b'2021:02:18 20:49:47\x00'
2021/02/24 14:56:06.191 : DEBUG : tag: YCbCrPositioning (531) - type: short (3) - value: b'\x00\x01'
2021/02/24 14:56:06.191 : DEBUG : tag: ExifIFD (34665) - type: long (4) - value: b'\x00\x00\x00\xee'
2021/02/24 14:56:06.192 : DEBUG : tag: ResolutionUnit (296) - type: short (3) - value: b'\x00\x02'
2021/02/24 14:56:06.192 : DEBUG : tag: GPSInfoIFD (34853) - type: long (4) - value: b'\x00\x00\x02\xcf'
2021/02/24 14:56:06.193 : DEBUG : tag: XResolution (282) - type: rational (5) Tag Location: 118 - Data Location: 217 - value: b'\x00\x00\x00H\x00\x00\x00\x01'
2021/02/24 14:56:06.193 : DEBUG : tag: YResolution (283) - type: rational (5) Tag Location: 130 - Data Location: 225 - value: b'\x00\x00\x00H\x00\x00\x00\x01'
2021/02/24 14:56:06.193 : DEBUG : tag: Make (271) - type: string (2) Tag Location: 142 - Data Location: 233 - value: b'asus\x00'
2021/02/24 14:56:06.193 : DEBUG : tag: ISOSpeedRatings (34855) - type: short (3) - value: b'\x06@'
2021/02/24 14:56:06.194 : DEBUG : tag: ExposureProgram (34850) - type: short (3) - value: b'\x00\x00'
2021/02/24 14:56:06.194 : DEBUG : tag: FNumber (33437) - type: rational (5) Tag Location: 276 - Data Location: 580 - value: b'\x00\x00\x00\xb4\x00\x00\x00d'
2021/02/24 14:56:06.194 : DEBUG : tag: ExposureTime (33434) - type: rational (5) Tag Location: 288 - Data Location: 588 - value: b'\x00\x00\x00\x01\x00\x00\x00\r'
2021/02/24 14:56:06.195 : DEBUG : tag: SensingMethod (41495) - type: short (3) - value: b'\x00\x02'
2021/02/24 14:56:06.195 : DEBUG : tag: SubsecTimeDigitized (37522) - type: string (2) Tag Location: 312 - Data Location: 596 - value: b'494210\x00'
2021/02/24 14:56:06.195 : DEBUG : tag: SubSecTimeOriginal (37521) - type: string (2) Tag Location: 324 - Data Location: 603 - value: b'494210\x00'
2021/02/24 14:56:06.195 : DEBUG : tag: SubSec (37520) - type: string (2) Tag Location: 336 - Data Location: 610 - value: b'494210\x00'
2021/02/24 14:56:06.195 : DEBUG : tag: FocalLength (37386) - type: rational (5) Tag Location: 348 - Data Location: 617 - value: b'\x00\x00\r\xc0\x00\x00\x03\xe8'
2021/02/24 14:56:06.196 : DEBUG : tag: Flash (37385) - type: short (3) - value: b'\x00\x10'
2021/02/24 14:56:06.196 : DEBUG : tag: MeteringMode (37383) - type: short (3) - value: b'\x00\x02'
2021/02/24 14:56:06.196 : DEBUG : tag: SceneCaptureType (41990) - type: short (3) - value: b'\x00\x00'
2021/02/24 14:56:06.197 : DEBUG : tag: InteroperabilityIFD (40965) - type: long (4) - value: b'\x00\x00\x02\xb1'
2021/02/24 14:56:06.198 : DEBUG : tag: FocalLengthIn35mmFilm (41989) - type: short (3) - value: b'\x00\x04'
2021/02/24 14:56:06.198 : DEBUG : tag: DateTImeDigitized (36868) - type: string (2) Tag Location: 420 - Data Location: 625 - value: b'2021:02:18 20:49:47\x00'
2021/02/24 14:56:06.199 : DEBUG : tag: PixelYDimension (40963) - type: long (4) - value: b'\x00\x00\x0b\xb8'
2021/02/24 14:56:06.200 : DEBUG : tag: WhiteBalance (41987) - type: short (3) - value: b'\x00\x00'
2021/02/24 14:56:06.200 : DEBUG : tag: DateTimeOriginal (36867) - type: string (2) Tag Location: 456 - Data Location: 645 - value: b'2021:02:18 20:49:47\x00'
2021/02/24 14:56:06.200 : DEBUG : tag: BrightnessValue (37379) - type: signed rational (10) Tag Location: 468 - Data Location: 665 - value: b'\xff\xff\xfeL\x00\x00\x00d'
2021/02/24 14:56:06.201 : DEBUG : tag: PixelXDimension (40962) - type: long (4) - value: b'\x00\x00\x0f\xa0'
2021/02/24 14:56:06.201 : DEBUG : tag: ExposureMode (41986) - type: short (3) - value: b'\x00\x00'
2021/02/24 14:56:06.201 : DEBUG : tag: ApertureValue (37378) - type: rational (5) Tag Location: 504 - Data Location: 673 - value: b'\x00\x00\x00\xa9\x00\x00\x00d'
2021/02/24 14:56:06.202 : DEBUG : tag: ComponentsConfiguration (37121) - type: undefined (7) - value: b'\x01\x02\x03\x00'
2021/02/24 14:56:06.202 : DEBUG : tag: ColorSpace (40961) - type: short (3) - value: b'\x00\x01'
2021/02/24 14:56:06.202 : DEBUG : tag: SceneType (41729) - type: undefined (7) - value: b'\x01'
2021/02/24 14:56:06.202 : DEBUG : tag: ShutterSpeedValue (37377) - type: signed rational (10) Tag Location: 552 - Data Location: 681 - value: b'\x00\x00\x0e\x98\x00\x00\x03\xe8'
2021/02/24 14:56:06.203 : DEBUG : tag: ExifVersion (36864) - type: undefined (7) - value: b'0220'
2021/02/24 14:56:06.203 : DEBUG : tag: FlashPixVersion (40960) - type: undefined (7) - value: b'0100'
2021/02/24 14:56:06.293 : DEBUG : tag: Model (272) - type: string (2) Tag Location: 22 - Data Location: 146 - value: b'ASUS_X01BDA\x00'
2021/02/24 14:56:06.293 : DEBUG : tag: Software (305) - type: string (2) Tag Location: 34 - Data Location: 158 - value: <table: 39 bytes>
2021/02/24 14:56:06.294 : DEBUG : tag: Orientation (274) - type: short (3) - value: b'\x00\x06'
2021/02/24 14:56:06.294 : DEBUG : tag: DateTime (306) - type: string (2) Tag Location: 58 - Data Location: 197 - value: b'2021:02:18 20:49:47\x00'
2021/02/24 14:56:06.294 : DEBUG : tag: YCbCrPositioning (531) - type: short (3) - value: b'\x00\x01'
2021/02/24 14:56:06.295 : DEBUG : tag: ExifIFD (34665) - type: long (4) - value: b'\x00\x00\x00\xee'
2021/02/24 14:56:06.295 : DEBUG : tag: ResolutionUnit (296) - type: short (3) - value: b'\x00\x02'
2021/02/24 14:56:06.295 : DEBUG : tag: GPSInfoIFD (34853) - type: long (4) - value: b'\x00\x00\x02\xcf'
2021/02/24 14:56:06.296 : DEBUG : tag: XResolution (282) - type: rational (5) Tag Location: 118 - Data Location: 217 - value: b'\x00\x00\x00H\x00\x00\x00\x01'
2021/02/24 14:56:06.296 : DEBUG : tag: YResolution (283) - type: rational (5) Tag Location: 130 - Data Location: 225 - value: b'\x00\x00\x00H\x00\x00\x00\x01'
2021/02/24 14:56:06.296 : DEBUG : tag: Make (271) - type: string (2) Tag Location: 142 - Data Location: 233 - value: b'asus\x00'
2021/02/24 14:56:06.297 : DEBUG : tag: ISOSpeedRatings (34855) - type: short (3) - value: b'\x06@'
2021/02/24 14:56:06.297 : DEBUG : tag: ExposureProgram (34850) - type: short (3) - value: b'\x00\x00'
2021/02/24 14:56:06.297 : DEBUG : tag: FNumber (33437) - type: rational (5) Tag Location: 276 - Data Location: 580 - value: b'\x00\x00\x00\xb4\x00\x00\x00d'
2021/02/24 14:56:06.298 : DEBUG : tag: ExposureTime (33434) - type: rational (5) Tag Location: 288 - Data Location: 588 - value: b'\x00\x00\x00\x01\x00\x00\x00\r'
2021/02/24 14:56:06.298 : DEBUG : tag: SensingMethod (41495) - type: short (3) - value: b'\x00\x02'
2021/02/24 14:56:06.298 : DEBUG : tag: SubsecTimeDigitized (37522) - type: string (2) Tag Location: 312 - Data Location: 596 - value: b'494210\x00'
2021/02/24 14:56:06.299 : DEBUG : tag: SubSecTimeOriginal (37521) - type: string (2) Tag Location: 324 - Data Location: 603 - value: b'494210\x00'
2021/02/24 14:56:06.299 : DEBUG : tag: SubSec (37520) - type: string (2) Tag Location: 336 - Data Location: 610 - value: b'494210\x00'
2021/02/24 14:56:06.299 : DEBUG : tag: FocalLength (37386) - type: rational (5) Tag Location: 348 - Data Location: 617 - value: b'\x00\x00\r\xc0\x00\x00\x03\xe8'
2021/02/24 14:56:06.300 : DEBUG : tag: Flash (37385) - type: short (3) - value: b'\x00\x10'
2021/02/24 14:56:06.300 : DEBUG : tag: MeteringMode (37383) - type: short (3) - value: b'\x00\x02'
2021/02/24 14:56:06.301 : DEBUG : tag: SceneCaptureType (41990) - type: short (3) - value: b'\x00\x00'
2021/02/24 14:56:06.301 : DEBUG : tag: InteroperabilityIFD (40965) - type: long (4) - value: b'\x00\x00\x02\xb1'
2021/02/24 14:56:06.301 : DEBUG : tag: FocalLengthIn35mmFilm (41989) - type: short (3) - value: b'\x00\x04'
2021/02/24 14:56:06.302 : DEBUG : tag: DateTImeDigitized (36868) - type: string (2) Tag Location: 420 - Data Location: 625 - value: b'2021:02:18 20:49:47\x00'
2021/02/24 14:56:06.302 : DEBUG : tag: PixelYDimension (40963) - type: long (4) - value: b'\x00\x00\x0b\xb8'
2021/02/24 14:56:06.302 : DEBUG : tag: WhiteBalance (41987) - type: short (3) - value: b'\x00\x00'
2021/02/24 14:56:06.303 : DEBUG : tag: DateTimeOriginal (36867) - type: string (2) Tag Location: 456 - Data Location: 645 - value: b'2021:02:18 20:49:47\x00'
2021/02/24 14:56:06.303 : DEBUG : tag: BrightnessValue (37379) - type: signed rational (10) Tag Location: 468 - Data Location: 665 - value: b'\xff\xff\xfeL\x00\x00\x00d'
2021/02/24 14:56:06.304 : DEBUG : tag: PixelXDimension (40962) - type: long (4) - value: b'\x00\x00\x0f\xa0'
2021/02/24 14:56:06.304 : DEBUG : tag: ExposureMode (41986) - type: short (3) - value: b'\x00\x00'
2021/02/24 14:56:06.305 : DEBUG : tag: ApertureValue (37378) - type: rational (5) Tag Location: 504 - Data Location: 673 - value: b'\x00\x00\x00\xa9\x00\x00\x00d'
2021/02/24 14:56:06.306 : DEBUG : tag: ComponentsConfiguration (37121) - type: undefined (7) - value: b'\x01\x02\x03\x00'
2021/02/24 14:56:06.307 : DEBUG : tag: ColorSpace (40961) - type: short (3) - value: b'\x00\x01'
2021/02/24 14:56:06.308 : DEBUG : tag: SceneType (41729) - type: undefined (7) - value: b'\x01'
2021/02/24 14:56:06.308 : DEBUG : tag: ShutterSpeedValue (37377) - type: signed rational (10) Tag Location: 552 - Data Location: 681 - value: b'\x00\x00\x0e\x98\x00\x00\x03\xe8'
2021/02/24 14:56:06.308 : DEBUG : tag: ExifVersion (36864) - type: undefined (7) - value: b'0220'
2021/02/24 14:56:06.309 : DEBUG : tag: FlashPixVersion (40960) - type: undefined (7) - value: b'0100'
2021/02/24 14:56:06.613 : INFO : Uploaded file exists: True
2021/02/24 14:56:06.613 : INFO : Sending request to: http://mlserver/api/MLServer
2021/02/24 14:56:06.622 : DEBUG : Starting new HTTP connection (1): mlserver:80
2021/02/24 14:56:07.337 : DEBUG : http://mlserver:80 "POST /api/MLServer HTTP/1.1" 200 None
2021/02/24 14:56:07.347 : INFO : Received response: {'message': 'unknown', 'data': '[0.5779465  0.42205352]', 'status': 'success'}
2021/02/24 14:58:08.511 : INFO : Rendering welcome template.
2021/02/24 14:59:19.804 : INFO : Rendering welcome template.
2021/02/24 14:59:24.892 : INFO : Checking IMG_20210218_204947.jpg extension...
2021/02/24 14:59:24.894 : INFO : Correct file extension. Proceeding.
2021/02/24 14:59:25.009 : DEBUG : tag: Model (272) - type: string (2) Tag Location: 22 - Data Location: 146 - value: b'ASUS_X01BDA\x00'
2021/02/24 14:59:25.009 : DEBUG : tag: Software (305) - type: string (2) Tag Location: 34 - Data Location: 158 - value: <table: 39 bytes>
2021/02/24 14:59:25.010 : DEBUG : tag: Orientation (274) - type: short (3) - value: b'\x00\x06'
2021/02/24 14:59:25.011 : DEBUG : tag: DateTime (306) - type: string (2) Tag Location: 58 - Data Location: 197 - value: b'2021:02:18 20:49:47\x00'
2021/02/24 14:59:25.012 : DEBUG : tag: YCbCrPositioning (531) - type: short (3) - value: b'\x00\x01'
2021/02/24 14:59:25.013 : DEBUG : tag: ExifIFD (34665) - type: long (4) - value: b'\x00\x00\x00\xee'
2021/02/24 14:59:25.014 : DEBUG : tag: ResolutionUnit (296) - type: short (3) - value: b'\x00\x02'
2021/02/24 14:59:25.014 : DEBUG : tag: GPSInfoIFD (34853) - type: long (4) - value: b'\x00\x00\x02\xcf'
2021/02/24 14:59:25.015 : DEBUG : tag: XResolution (282) - type: rational (5) Tag Location: 118 - Data Location: 217 - value: b'\x00\x00\x00H\x00\x00\x00\x01'
2021/02/24 14:59:25.015 : DEBUG : tag: YResolution (283) - type: rational (5) Tag Location: 130 - Data Location: 225 - value: b'\x00\x00\x00H\x00\x00\x00\x01'
2021/02/24 14:59:25.016 : DEBUG : tag: Make (271) - type: string (2) Tag Location: 142 - Data Location: 233 - value: b'asus\x00'
2021/02/24 14:59:25.016 : DEBUG : tag: ISOSpeedRatings (34855) - type: short (3) - value: b'\x06@'
2021/02/24 14:59:25.017 : DEBUG : tag: ExposureProgram (34850) - type: short (3) - value: b'\x00\x00'
2021/02/24 14:59:25.017 : DEBUG : tag: FNumber (33437) - type: rational (5) Tag Location: 276 - Data Location: 580 - value: b'\x00\x00\x00\xb4\x00\x00\x00d'
2021/02/24 14:59:25.018 : DEBUG : tag: ExposureTime (33434) - type: rational (5) Tag Location: 288 - Data Location: 588 - value: b'\x00\x00\x00\x01\x00\x00\x00\r'
2021/02/24 14:59:25.018 : DEBUG : tag: SensingMethod (41495) - type: short (3) - value: b'\x00\x02'
2021/02/24 14:59:25.018 : DEBUG : tag: SubsecTimeDigitized (37522) - type: string (2) Tag Location: 312 - Data Location: 596 - value: b'494210\x00'
2021/02/24 14:59:25.019 : DEBUG : tag: SubSecTimeOriginal (37521) - type: string (2) Tag Location: 324 - Data Location: 603 - value: b'494210\x00'
2021/02/24 14:59:25.019 : DEBUG : tag: SubSec (37520) - type: string (2) Tag Location: 336 - Data Location: 610 - value: b'494210\x00'
2021/02/24 14:59:25.019 : DEBUG : tag: FocalLength (37386) - type: rational (5) Tag Location: 348 - Data Location: 617 - value: b'\x00\x00\r\xc0\x00\x00\x03\xe8'
2021/02/24 14:59:25.020 : DEBUG : tag: Flash (37385) - type: short (3) - value: b'\x00\x10'
2021/02/24 14:59:25.020 : DEBUG : tag: MeteringMode (37383) - type: short (3) - value: b'\x00\x02'
2021/02/24 14:59:25.020 : DEBUG : tag: SceneCaptureType (41990) - type: short (3) - value: b'\x00\x00'
2021/02/24 14:59:25.021 : DEBUG : tag: InteroperabilityIFD (40965) - type: long (4) - value: b'\x00\x00\x02\xb1'
2021/02/24 14:59:25.021 : DEBUG : tag: FocalLengthIn35mmFilm (41989) - type: short (3) - value: b'\x00\x04'
2021/02/24 14:59:25.022 : DEBUG : tag: DateTImeDigitized (36868) - type: string (2) Tag Location: 420 - Data Location: 625 - value: b'2021:02:18 20:49:47\x00'
2021/02/24 14:59:25.022 : DEBUG : tag: PixelYDimension (40963) - type: long (4) - value: b'\x00\x00\x0b\xb8'
2021/02/24 14:59:25.022 : DEBUG : tag: WhiteBalance (41987) - type: short (3) - value: b'\x00\x00'
2021/02/24 14:59:25.023 : DEBUG : tag: DateTimeOriginal (36867) - type: string (2) Tag Location: 456 - Data Location: 645 - value: b'2021:02:18 20:49:47\x00'
2021/02/24 14:59:25.024 : DEBUG : tag: BrightnessValue (37379) - type: signed rational (10) Tag Location: 468 - Data Location: 665 - value: b'\xff\xff\xfeL\x00\x00\x00d'
2021/02/24 14:59:25.025 : DEBUG : tag: PixelXDimension (40962) - type: long (4) - value: b'\x00\x00\x0f\xa0'
2021/02/24 14:59:25.026 : DEBUG : tag: ExposureMode (41986) - type: short (3) - value: b'\x00\x00'
2021/02/24 14:59:25.027 : DEBUG : tag: ApertureValue (37378) - type: rational (5) Tag Location: 504 - Data Location: 673 - value: b'\x00\x00\x00\xa9\x00\x00\x00d'
2021/02/24 14:59:25.027 : DEBUG : tag: ComponentsConfiguration (37121) - type: undefined (7) - value: b'\x01\x02\x03\x00'
2021/02/24 14:59:25.027 : DEBUG : tag: ColorSpace (40961) - type: short (3) - value: b'\x00\x01'
2021/02/24 14:59:25.028 : DEBUG : tag: SceneType (41729) - type: undefined (7) - value: b'\x01'
2021/02/24 14:59:25.028 : DEBUG : tag: ShutterSpeedValue (37377) - type: signed rational (10) Tag Location: 552 - Data Location: 681 - value: b'\x00\x00\x0e\x98\x00\x00\x03\xe8'
2021/02/24 14:59:25.029 : DEBUG : tag: ExifVersion (36864) - type: undefined (7) - value: b'0220'
2021/02/24 14:59:25.029 : DEBUG : tag: FlashPixVersion (40960) - type: undefined (7) - value: b'0100'
2021/02/24 14:59:25.141 : DEBUG : tag: Model (272) - type: string (2) Tag Location: 22 - Data Location: 146 - value: b'ASUS_X01BDA\x00'
2021/02/24 14:59:25.141 : DEBUG : tag: Software (305) - type: string (2) Tag Location: 34 - Data Location: 158 - value: <table: 39 bytes>
2021/02/24 14:59:25.141 : DEBUG : tag: Orientation (274) - type: short (3) - value: b'\x00\x06'
2021/02/24 14:59:25.142 : DEBUG : tag: DateTime (306) - type: string (2) Tag Location: 58 - Data Location: 197 - value: b'2021:02:18 20:49:47\x00'
2021/02/24 14:59:25.142 : DEBUG : tag: YCbCrPositioning (531) - type: short (3) - value: b'\x00\x01'
2021/02/24 14:59:25.142 : DEBUG : tag: ExifIFD (34665) - type: long (4) - value: b'\x00\x00\x00\xee'
2021/02/24 14:59:25.143 : DEBUG : tag: ResolutionUnit (296) - type: short (3) - value: b'\x00\x02'
2021/02/24 14:59:25.144 : DEBUG : tag: GPSInfoIFD (34853) - type: long (4) - value: b'\x00\x00\x02\xcf'
2021/02/24 14:59:25.145 : DEBUG : tag: XResolution (282) - type: rational (5) Tag Location: 118 - Data Location: 217 - value: b'\x00\x00\x00H\x00\x00\x00\x01'
2021/02/24 14:59:25.146 : DEBUG : tag: YResolution (283) - type: rational (5) Tag Location: 130 - Data Location: 225 - value: b'\x00\x00\x00H\x00\x00\x00\x01'
2021/02/24 14:59:25.146 : DEBUG : tag: Make (271) - type: string (2) Tag Location: 142 - Data Location: 233 - value: b'asus\x00'
2021/02/24 14:59:25.147 : DEBUG : tag: ISOSpeedRatings (34855) - type: short (3) - value: b'\x06@'
2021/02/24 14:59:25.147 : DEBUG : tag: ExposureProgram (34850) - type: short (3) - value: b'\x00\x00'
2021/02/24 14:59:25.148 : DEBUG : tag: FNumber (33437) - type: rational (5) Tag Location: 276 - Data Location: 580 - value: b'\x00\x00\x00\xb4\x00\x00\x00d'
2021/02/24 14:59:25.148 : DEBUG : tag: ExposureTime (33434) - type: rational (5) Tag Location: 288 - Data Location: 588 - value: b'\x00\x00\x00\x01\x00\x00\x00\r'
2021/02/24 14:59:25.148 : DEBUG : tag: SensingMethod (41495) - type: short (3) - value: b'\x00\x02'
2021/02/24 14:59:25.149 : DEBUG : tag: SubsecTimeDigitized (37522) - type: string (2) Tag Location: 312 - Data Location: 596 - value: b'494210\x00'
2021/02/24 14:59:25.149 : DEBUG : tag: SubSecTimeOriginal (37521) - type: string (2) Tag Location: 324 - Data Location: 603 - value: b'494210\x00'
2021/02/24 14:59:25.149 : DEBUG : tag: SubSec (37520) - type: string (2) Tag Location: 336 - Data Location: 610 - value: b'494210\x00'
2021/02/24 14:59:25.150 : DEBUG : tag: FocalLength (37386) - type: rational (5) Tag Location: 348 - Data Location: 617 - value: b'\x00\x00\r\xc0\x00\x00\x03\xe8'
2021/02/24 14:59:25.150 : DEBUG : tag: Flash (37385) - type: short (3) - value: b'\x00\x10'
2021/02/24 14:59:25.150 : DEBUG : tag: MeteringMode (37383) - type: short (3) - value: b'\x00\x02'
2021/02/24 14:59:25.151 : DEBUG : tag: SceneCaptureType (41990) - type: short (3) - value: b'\x00\x00'
2021/02/24 14:59:25.151 : DEBUG : tag: InteroperabilityIFD (40965) - type: long (4) - value: b'\x00\x00\x02\xb1'
2021/02/24 14:59:25.151 : DEBUG : tag: FocalLengthIn35mmFilm (41989) - type: short (3) - value: b'\x00\x04'
2021/02/24 14:59:25.152 : DEBUG : tag: DateTImeDigitized (36868) - type: string (2) Tag Location: 420 - Data Location: 625 - value: b'2021:02:18 20:49:47\x00'
2021/02/24 14:59:25.152 : DEBUG : tag: PixelYDimension (40963) - type: long (4) - value: b'\x00\x00\x0b\xb8'
2021/02/24 14:59:25.152 : DEBUG : tag: WhiteBalance (41987) - type: short (3) - value: b'\x00\x00'
2021/02/24 14:59:25.153 : DEBUG : tag: DateTimeOriginal (36867) - type: string (2) Tag Location: 456 - Data Location: 645 - value: b'2021:02:18 20:49:47\x00'
2021/02/24 14:59:25.153 : DEBUG : tag: BrightnessValue (37379) - type: signed rational (10) Tag Location: 468 - Data Location: 665 - value: b'\xff\xff\xfeL\x00\x00\x00d'
2021/02/24 14:59:25.153 : DEBUG : tag: PixelXDimension (40962) - type: long (4) - value: b'\x00\x00\x0f\xa0'
2021/02/24 14:59:25.154 : DEBUG : tag: ExposureMode (41986) - type: short (3) - value: b'\x00\x00'
2021/02/24 14:59:25.154 : DEBUG : tag: ApertureValue (37378) - type: rational (5) Tag Location: 504 - Data Location: 673 - value: b'\x00\x00\x00\xa9\x00\x00\x00d'
2021/02/24 14:59:25.154 : DEBUG : tag: ComponentsConfiguration (37121) - type: undefined (7) - value: b'\x01\x02\x03\x00'
2021/02/24 14:59:25.155 : DEBUG : tag: ColorSpace (40961) - type: short (3) - value: b'\x00\x01'
2021/02/24 14:59:25.155 : DEBUG : tag: SceneType (41729) - type: undefined (7) - value: b'\x01'
2021/02/24 14:59:25.156 : DEBUG : tag: ShutterSpeedValue (37377) - type: signed rational (10) Tag Location: 552 - Data Location: 681 - value: b'\x00\x00\x0e\x98\x00\x00\x03\xe8'
2021/02/24 14:59:25.156 : DEBUG : tag: ExifVersion (36864) - type: undefined (7) - value: b'0220'
2021/02/24 14:59:25.157 : DEBUG : tag: FlashPixVersion (40960) - type: undefined (7) - value: b'0100'
2021/02/24 14:59:25.507 : INFO : Uploaded file exists: True
2021/02/24 14:59:25.507 : INFO : Sending request to: http://mlserver/api/MLServer
2021/02/24 14:59:25.517 : DEBUG : Starting new HTTP connection (1): mlserver:80
2021/02/24 14:59:26.298 : DEBUG : http://mlserver:80 "POST /api/MLServer HTTP/1.1" 200 None
2021/02/24 14:59:26.311 : INFO : Received response: {'message': 'unknown', 'data': '[0.5779465  0.42205352]', 'status': 'success'}
2021/02/24 14:59:27.723 : INFO : Rendering welcome template.
2021/02/24 14:59:32.013 : INFO : Checking 1200px-Calico_tabby_cat_-_Savannah.jpg extension...
2021/02/24 14:59:32.013 : INFO : Correct file extension. Proceeding.
2021/02/24 14:59:32.098 : INFO : Uploaded file exists: True
2021/02/24 14:59:32.099 : INFO : Sending request to: http://mlserver/api/MLServer
2021/02/24 14:59:32.103 : DEBUG : Starting new HTTP connection (1): mlserver:80
2021/02/24 14:59:32.460 : DEBUG : http://mlserver:80 "POST /api/MLServer HTTP/1.1" 200 None
2021/02/24 14:59:32.461 : INFO : Received response: {'message': 'cat', 'data': '[9.9998558e-01 1.4379555e-05]', 'status': 'success'}
2021/02/24 14:59:33.436 : INFO : Rendering welcome template.
2021/02/24 14:59:38.651 : INFO : Checking 42ac605edf541500d233084ae81cc4a1.jpg extension...
2021/02/24 14:59:38.652 : INFO : Correct file extension. Proceeding.
2021/02/24 14:59:38.721 : INFO : Uploaded file exists: True
2021/02/24 14:59:38.721 : INFO : Sending request to: http://mlserver/api/MLServer
2021/02/24 14:59:38.728 : DEBUG : Starting new HTTP connection (1): mlserver:80
2021/02/24 14:59:39.117 : DEBUG : http://mlserver:80 "POST /api/MLServer HTTP/1.1" 200 None
2021/02/24 14:59:39.118 : INFO : Received response: {'message': 'dog', 'data': '[3.2972492e-04 9.9967027e-01]', 'status': 'success'}
2021/02/24 14:59:40.121 : INFO : Rendering welcome template.
2021/02/24 14:59:43.790 : INFO : Checking 11.10.16-People-Are-Doing-a-Double-Take-Over-This-Cat-Who-Looks-Like-a-Dog3.jpg extension...
2021/02/24 14:59:43.790 : INFO : Correct file extension. Proceeding.
2021/02/24 14:59:43.851 : INFO : Uploaded file exists: True
2021/02/24 14:59:43.852 : INFO : Sending request to: http://mlserver/api/MLServer
2021/02/24 14:59:43.855 : DEBUG : Starting new HTTP connection (1): mlserver:80
2021/02/24 14:59:44.281 : DEBUG : http://mlserver:80 "POST /api/MLServer HTTP/1.1" 200 None
2021/02/24 14:59:44.282 : INFO : Received response: {'message': 'dog', 'data': '[2.9735145e-04 9.9970263e-01]', 'status': 'success'}
2021/02/24 14:59:45.282 : INFO : Rendering welcome template.
2021/02/24 14:59:53.468 : INFO : Checking Screenshot_20210208-152044.png extension...
2021/02/24 14:59:53.468 : INFO : Correct file extension. Proceeding.
2021/02/24 14:59:53.537 : DEBUG : STREAM b'IHDR' 16 13
2021/02/24 14:59:53.537 : DEBUG : STREAM b'sRGB' 41 1
2021/02/24 14:59:53.537 : DEBUG : STREAM b'sBIT' 54 3
2021/02/24 14:59:53.537 : DEBUG : b'sBIT' 54 3 (unknown)
2021/02/24 14:59:53.538 : DEBUG : STREAM b'IDAT' 69 8192
2021/02/24 14:59:53.870 : DEBUG : STREAM b'IHDR' 16 13
2021/02/24 14:59:53.870 : DEBUG : STREAM b'sRGB' 41 1
2021/02/24 14:59:53.871 : DEBUG : STREAM b'sBIT' 54 3
2021/02/24 14:59:53.871 : DEBUG : b'sBIT' 54 3 (unknown)
2021/02/24 14:59:53.871 : DEBUG : STREAM b'IDAT' 69 8192
2021/02/24 14:59:54.234 : INFO : Uploaded file exists: True
2021/02/24 14:59:54.235 : INFO : Sending request to: http://mlserver/api/MLServer
2021/02/24 14:59:54.241 : DEBUG : Starting new HTTP connection (1): mlserver:80
2021/02/24 14:59:54.602 : DEBUG : http://mlserver:80 "POST /api/MLServer HTTP/1.1" 200 None
2021/02/24 14:59:54.603 : INFO : Received response: {'message': 'cat', 'data': '[0.75471497 0.24528499]', 'status': 'success'}
2021/02/24 15:00:04.968 : INFO : Rendering welcome template.
2021/02/24 15:00:12.248 : INFO : Checking 143558910_876130246521706_4278266291100577537_n.jpg extension...
2021/02/24 15:00:12.249 : INFO : Correct file extension. Proceeding.
2021/02/24 15:00:12.316 : INFO : Uploaded file exists: True
2021/02/24 15:00:12.316 : INFO : Sending request to: http://mlserver/api/MLServer
2021/02/24 15:00:12.325 : DEBUG : Starting new HTTP connection (1): mlserver:80
2021/02/24 15:00:12.680 : DEBUG : http://mlserver:80 "POST /api/MLServer HTTP/1.1" 200 None
2021/02/24 15:00:12.682 : INFO : Received response: {'message': 'cat', 'data': '[0.7727164  0.22728352]', 'status': 'success'}
2021/02/24 15:00:16.479 : INFO : Rendering welcome template.
2021/02/24 15:05:23.458 : INFO : Checking 42ac605edf541500d233084ae81cc4a1.jpg extension...
2021/02/24 15:05:23.459 : INFO : Correct file extension. Proceeding.
2021/02/24 15:05:23.520 : INFO : Uploaded file exists: True
2021/02/24 15:05:23.520 : INFO : Sending request to: http://mlserver/api/MLServer
2021/02/24 15:05:23.524 : DEBUG : Starting new HTTP connection (1): mlserver:80
2021/02/24 15:05:23.842 : DEBUG : http://mlserver:80 "POST /api/MLServer HTTP/1.1" 200 None
2021/02/24 15:05:23.843 : INFO : Received response: {'message': 'dog', 'data': '[3.2972492e-04 9.9967027e-01]', 'status': 'success'}
2021/02/24 15:06:42.893 : INFO : Rendering welcome template.
2021/02/24 15:07:24.443 : INFO : Rendering welcome template.
2021/02/24 15:07:24.754 : INFO : Rendering welcome template.
2021/02/24 15:07:28.821 : INFO : Checking 1200px-Calico_tabby_cat_-_Savannah.jpg extension...
2021/02/24 15:07:28.821 : INFO : Correct file extension. Proceeding.
2021/02/24 15:07:28.915 : INFO : Uploaded file exists: True
2021/02/24 15:07:28.916 : INFO : Sending request to: http://mlserver/api/MLServer
2021/02/24 15:07:28.923 : DEBUG : Starting new HTTP connection (1): mlserver:80
2021/02/24 15:07:29.633 : DEBUG : http://mlserver:80 "POST /api/MLServer HTTP/1.1" 200 None
2021/02/24 15:07:29.642 : INFO : Received response: {'message': 'cat', 'data': '[9.9998558e-01 1.4379555e-05]', 'status': 'success'}
